<?xml version="1.0" encoding="UTF-8"?>
<!-- Generated by org.testng.reporters.JUnitReportReporter -->
<testsuite hostname="GAVLMUMDT-046" failures="0" tests="1" name="io.GAVL.Sankalp.VerifyScanFunctionality" time="12.593" errors="0" timestamp="2025-01-16T15:27:25 IST" skipped="0">
  <testcase classname="io.GAVL.Sankalp.VerifyScanFunctionality" name="verifyUserAbleToScanFromLiquidationInvalidCode" time="12.593"/>
  <system-out/>
</testsuite> <!-- io.GAVL.Sankalp.VerifyScanFunctionality -->
