<?xml version="1.0" encoding="UTF-8"?>
<!-- Generated by org.testng.reporters.JUnitReportReporter -->
<testsuite hostname="GAVLMUMDT-046" failures="0" tests="1" name="io.GAVL.Sankalp.verifyDashBoardElement" time="5.946" errors="0" timestamp="2025-01-16T14:36:38 IST" skipped="0">
  <testcase classname="io.GAVL.Sankalp.verifyDashBoardElement" name="verifyDashBoardElementWithProductWisePoint" time="5.946"/>
  <system-out/>
</testsuite> <!-- io.GAVL.Sankalp.verifyDashBoardElement -->
