<?xml version="1.0" encoding="UTF-8"?>
<!-- Generated by org.testng.reporters.JUnitReportReporter -->
<testsuite hostname="GAVLMUMDT-046" failures="0" tests="1" name="io.GAVL.Sankalp.VerifyUserProfile" time="5.455" errors="0" timestamp="2025-01-15T17:04:53 IST" skipped="0">
  <testcase classname="io.GAVL.Sankalp.VerifyUserProfile" name="verifyUserDetails" time="5.455"/>
  <system-out/>
</testsuite> <!-- io.GAVL.Sankalp.VerifyUserProfile -->
