<?xml version="1.0" encoding="UTF-8"?>
<!-- Generated by org.testng.reporters.JUnitReportReporter -->
<testsuite hostname="GAVLMUMDT-046" failures="0" tests="1" name="io.GAVL.Sankalp.verifyQandAFuntionality" time="11.398" errors="0" timestamp="2025-01-21T15:14:11 IST" skipped="0">
  <testcase classname="io.GAVL.Sankalp.verifyQandAFuntionality" name="verifyUserAbleToCreateComplaintWithAppIssueOption" time="11.398"/>
  <system-out/>
</testsuite> <!-- io.GAVL.Sankalp.verifyQandAFuntionality -->
