<?xml version="1.0" encoding="UTF-8"?>
<!-- Generated by org.testng.reporters.JUnitReportReporter -->
<testsuite hostname="GAVLMUMDT-046" failures="0" tests="1" name="io.GAVL.Sankalp.verifyScanFunctionalityThroughPlacement" time="15.799" errors="0" timestamp="2025-01-17T16:31:21 IST" skipped="0">
  <testcase classname="io.GAVL.Sankalp.verifyScanFunctionalityThroughPlacement" name="verifyUserIsAbleToEnterQRcodeManually" time="15.799"/>
  <system-out/>
</testsuite> <!-- io.GAVL.Sankalp.verifyScanFunctionalityThroughPlacement -->
