<?xml version="1.0" encoding="UTF-8"?>
<!-- Generated by org.testng.reporters.JUnitReportReporter -->
<testsuite hostname="GAVLMUMDT-046" failures="0" tests="1" name="io.GAVL.Sankalp.verifyFilterOption" time="13.531" errors="0" timestamp="2025-01-21T12:12:27 IST" skipped="0">
  <testcase classname="io.GAVL.Sankalp.verifyFilterOption" name="verifyLiquidationfilteroption" time="13.531"/>
  <system-out/>
</testsuite> <!-- io.GAVL.Sankalp.verifyFilterOption -->
