<?xml version="1.0" encoding="UTF-8"?>
<!-- Generated by org.testng.reporters.JUnitReportReporter -->
<testsuite hostname="GAVLMUMDT-046" failures="0" tests="1" name="io.GAVL.Sankalp.install" time="15.800" errors="0" timestamp="2025-01-13T12:16:14 IST" skipped="0">
  <testcase classname="io.GAVL.Sankalp.install" name="Install" time="15.800"/>
  <system-out/>
</testsuite> <!-- io.GAVL.Sankalp.install -->
