<?xml version="1.0" encoding="UTF-8"?>
<!-- Generated by org.testng.reporters.JUnitReportReporter -->
<testsuite hostname="GAVLMUMDT-046" failures="0" tests="1" name="io.GAVL.Sankalp.verifyCodeTextFunctionality" time="15.930" errors="0" timestamp="2025-01-16T17:21:40 IST" skipped="0">
  <testcase classname="io.GAVL.Sankalp.verifyCodeTextFunctionality" name="verifyUserNotAbleToScanInvalidCode" time="15.930"/>
  <system-out/>
</testsuite> <!-- io.GAVL.Sankalp.verifyCodeTextFunctionality -->
