<?xml version="1.0" encoding="UTF-8"?>
<!-- Generated by org.testng.reporters.JUnitReportReporter -->
<testsuite hostname="GAVLMUMDT-046" failures="0" tests="1" name="io.GAVL.Sankalp.verifyNotificationFunctionality" time="8.463" errors="0" timestamp="2025-01-17T17:14:53 IST" skipped="0">
  <testcase classname="io.GAVL.Sankalp.verifyNotificationFunctionality" name="verifySecondNotificationDisplay" time="8.463"/>
  <system-out/>
</testsuite> <!-- io.GAVL.Sankalp.verifyNotificationFunctionality -->
