<?xml version="1.0" encoding="UTF-8"?>
<!-- Generated by org.testng.reporters.JUnitReportReporter -->
<testsuite hostname="GAVLMUMDT-046" failures="0" tests="1" name="io.GAVL.Sankalp.VerifyUserProfile" time="8.147" errors="0" timestamp="2025-01-16T13:58:45 IST" skipped="0">
  <testcase classname="io.GAVL.Sankalp.VerifyUserProfile" name="verifyUserDetails" time="8.147"/>
  <system-out/>
</testsuite> <!-- io.GAVL.Sankalp.VerifyUserProfile -->
